---
emoji: ğŸ¶
title: ì—°ê²° ë¦¬ìŠ¤íŠ¸ êµ¬ì¡° ê³µê²© ë²¡í„° ì„ ì • (Intel arch)
author: Zer0Luck
date: '2021-03-01'
categories: AnalyzingBinaries
tags: Algorithm reversing
---
### Node, Element

- ë¦¬ìŠ¤íŠ¸ì˜ ë°ì´í„°
- ê°ê°ì˜ ë…¸ë“œëŠ” ë°ì´í„°ì™€ ë‹¤ìŒ ë…¸ë“œë¥¼ ê°€ë¦¬í‚¤ëŠ” í¬ì¸í„°ë¥¼ ê°€ì§€ê³  ìˆë‹¤.
- ì²˜ìŒ, ë ë¶€ë¶„ì€ ê°ìë§Œì˜ `Head Node`, `Tail Node` ê°–ëŠ”ë‹¤.
- í•œ ë…¸ë“œ ë°”ë¡œ ì•ì— ìˆëŠ” ë…¸ë“œëŠ” `Predecessor Node`
- í•œ ë…¸ë“œ ë°”ë¡œ ë’¤ì— ìˆëŠ” ë…¸ë“œëŠ” `Successor Node`

### ì—°ê²°ë¦¬ìŠ¤íŠ¸ êµ¬ì„±

- ë°ì´í„°ë¥¼ ì—°ê²° ë¦¬ìŠ¤íŠ¸ì— ì‚½ì…í•  ë•Œ ë…¸ë“œìš© ê°ì²´ë¥¼ ë§Œë“ ë‹¤.
- ì‚­ì œí•  ë•Œ ë…¸ë“œìš© ê°ì²´ë¥¼ ì—†ì• ë©´ ë°ì´í„° ì¶”ê°€ ì‚­ì œë¥¼ íš¨ìœ¨ì ìœ¼ë¡œ í•  ìˆ˜ ìˆë‹¤.

![./NODE.png](./NODE.png)

```c
// Node
typedef struct __node {
    Security data;           
    struct __node *next;    
} Node;
```

- Self-referential í˜•(ìê¸° ìì‹ ê³¼ ê°™ì€ ìë£Œí˜•ì˜ ê°ì²´ë¥¼ ê°€ë¦¬í¬ëŠ” ë°ì´í„°ë¥¼ ê°€ì§€ê³  ìˆëŠ” ìë£Œêµ¬ì¡°)

```c
data : ë°ì´í„°ë¥¼ ì €ì¥í•  ìˆ˜ ìˆëŠ” ë©¤ë²„
next : ìê¸° ìì‹ ê³¼ ê°™ì€ êµ¬ì¡°ì²´ë¥¼ ê°€ë¦¬í‚¤ëŠ” í¬ì¸í„°
```

- Tail NodeëŠ” next nodeë¥¼ ê°–ì§€ ì•Šê¸° ë•Œë¬¸ì— next ê°’ì€ (NULL) ê°’ì„ ëŒ€ì…í•œë‹¤.

### ì†ŒìŠ¤ ì½”ë“œ

```c
static Node *nodeAlloc(void) {
    return calloc(1, sizeof(Node));
}

static void nodeSet(Node *n, const Security *x, const Node *next) {
    n->data = *x;   
    n->next = (Node*)next; 
}

void Init(List *list) {
    list->head = NULL;  
    list->crnt = NULL;  
}
```

### nodeAlloc í•¨ìˆ˜

- Node í˜• ê°ì²´ë¥¼ ë§Œë“¤ê³  ë§Œë“  ê°ì²´ì˜ í¬ì¸í„°ë¥¼ ë°˜í™˜í•œë‹¤.

### setNode í•¨ìˆ˜

- ë…¸ë“œì˜ ë©¤ë²„ ê°’ì„ ì„¤ì •
- Nodeí˜• ê°ì²´ì˜ ë‘ ë©ˆë² (data, next)ì˜ ê°’ì„ ì„¤ì •í•˜ëŠ” í•¨ìˆ˜
- ì²« ë²ˆì§¸ ë§¤ê°œ ë³€ìˆ˜ nìœ¼ë¡œ ì „ë‹¬ë°›ì€ í¬ì¸í„°ê°€ ê°€ë¦¬í‚¤ëŠ” Node í˜• ê°ì²´ì— xê°€ ê°€ë¦¬í‚¤ëŠ” ê°’ì„ ëŒ€ì…
- nì˜ nextì— ì„¸ ë²ˆì§¸ ë§¤ê°œë³€ìˆ˜ë¡œ ë°›ì€ Node í¬ì¸í„°ì˜ nextë¥¼ ëŒ€ì…í•œë‹¤.

### Init í•¨ìˆ˜

- ì—°ê²°ë¦¬ìŠ¤íŠ¸ë¥¼ ì‚¬ìš©í•˜ê¸° ì „ì— ì´ˆê¸°í™”í•˜ëŠ” í•¨ìˆ˜
- ë¨¸ë¦¬ ë…¸ë“œë¥¼ ê°€ë¦¬í‚¤ëŠ” listâ†’headì— NULL ê°’ì„ ëŒ€ì…í•˜ì—¬ ë…¸ë“œê°€ í•˜ë‚˜ë„ ì—†ëŠ” í…… ë¹ˆ ì—°ê²°ë¦¬ìŠ¤íŠ¸ë¥¼ ë§Œë“ ë‹¤.

```c
head(null)

head->next

heax->next->next
```

### ì—°ê²°ë¦¬ìŠ¤íŠ¸ ë“±ë¡ë˜ì–´ ìˆëŠ” ë…¸ë“œê°€ ìˆëŠ”ì§€ íŒë‹¨ í•˜ëŠ” ë°©ë²•

- ì²˜ìŒì— ì´ˆê¸°í™” í•˜ì˜€ì„ ê²½ìš° headëŠ” null ê°’ì„ ëŒ€ì…í•˜ê³  ìˆëŠ” í•˜ë‚˜ë„ ì—†ëŠ” ìƒíƒœì´ë‹¤.

```c
list->head == NULL
```

### ì—°ê²°ë¦¬ìŠ¤íŠ¸ ë…¸ë“œ 1ê°œ ì—¬ë¶€ íŒë‹¨ ë°©ë²•

- ë…¸ë“œê°€ 1ê°œ ì—°ê²°ë˜ì–´ ìˆëŠ” ê²½ìš° ë³€ìˆ˜ listâ†’headê°€ ê°€ë¦¬í‚¤ëŠ” ë…¸ë“œëŠ” ë¨¸ë¦¬ ë…¸ë“œ ì´ë‹¤.
- ì—°ê²° ë¦¬ìŠ¤íŠ¸ì—ëŠ” 1ê°œì˜ ë…¸ë“œë§Œ ìˆê¸° ë•Œë¬¸ì— ë¨¸ë¦¬ ë…¸ë“œëŠ” ë¦¬ìŠ¤íŠ¸ì˜ ê¼¬ë¦¬ ë…¸ë“œì´ê¸° ë„ í•œë‹¤.
- nextì˜ ê°’ì€ ë„ì´ë‹¤.
- listâ†’headê°€ ê¸°ë¦¬í‚¤ëŠ” ë…¸ë“œ ì•ˆì˜ ë’¤ìª½ í¬ì¸í„° next ê°’ì´ ë„ì´ê¸° ë•Œë¬¸ì— ì—°ê²°ë¦¬ìŠ¤íŠ¸ì˜ ë…¸ë“œê°€ 1ê°œì¸ì§€ íŒë‹¨í•˜ëŠ” ë°©ë²•ì€

```c
list->head->next == NULL
```

### ì—°ê²°ë¦¬ìŠ¤íŠ¸ ë…¸ë“œ 2ê°œ ì—¬ë¶€ íŒë‹¨ ë°©ë²•

- ë…¸ë“œê°€ 2ê°œ ì—°ê²°ëœ ìƒíƒœì¸ ê²½ìš° listâ†’headê°€ ê°€ë¦¬í‚¤ëŠ” ë…¸ë“œì˜ nextëŠ” ë‹¤ìŒ ë…¸ë“œë¥¼ ê°€ë¦¬í‚¨ë‹¤. `list->head->next->next`
- ê¼¬ë¦¬ ë…¸ë“œì˜ next ê°’ì€ ë„ ê°’ì„ ê°–ê³  ìˆê¸° ë•Œë¬¸ì— ì—°ê²° ë¦¬ìŠ¤íŠ¸ì˜ ë…¸ë“œê°€ 2ê°œì¸ì§€ íŒë‹¨í• ì‹œ

```c
list->head->next->next == NULL
```

### ì—°ê²°ë¦¬ìŠ¤íŠ¸ ë¨¸ë¦¬ ë…¸ë“œì¸ì§€ íŒë‹¨ ë°©ë²•

- ìë£Œí˜•ì´ Node * í˜•ì¸ ë³€ìˆ˜ pëŠ” ë¦¬ìŠ¤íŠ¸ì˜ ë…¸ë“œ ì¤‘ í•˜ë‚˜ë¥¼ ê°€ë¦¬í‚¨ë‹¤.
- ë³€ìˆ˜ pê°€ ê°€ë¦¬í‚¤ëŠ” ë…¸ë“œê°€ ì—°ê²°ë¦¬ìŠ¤íŠ¸ì˜ ë¨¸ë¦¬ ë…¸ë“œì¸ì§€ íŒë‹¨ í• ì‹œ

```c
p == list->head
```

### ì—°ê²°ë¦¬ìŠ¤íŠ¸ ê¼¬ë¦¬ ë…¸ë“œì¸ì§€ íŒë‹¨ ë°©ë²•

- ìë£Œí˜•ì´ Ndoe *í˜•ì¸ ë³€ìˆ˜ pëŠ” ë¦¬ìŠ¤íŠ¸ì˜ ë…¸ë“œ ì¤‘ í•˜ë‚˜ë¥¼ ê°€ë¦¬í‚¨ë‹¤.
- ë³€ìˆ˜ pê°€ ê°€ë¦¬í‚¤ëŠ” ë…¸ë“œê°€ ì—°ê²°ë¦¬ìŠ¤íŠ¸ì˜ ê¼¬ë¦¬ ë…¸ë“œì¸ì§€ íŒë‹¨ í• ì‹œ

```c
p->next == NULL
```

### Search í•¨ìˆ˜

- Search í•¨ìˆ˜ëŠ” ì–´ë–¤ ì¡°ê±´ì„ ë§Œì¡±í•˜ëŠ” ë…¸ë“œë¥¼ ê²€ìƒ‰í•œë‹¤.
- ë°˜í™˜í•˜ëŠ” ê°’ì€ ì°¾ì€ ë…¸ë“œì— ëŒ€í•œ í¬ì¸í„°ì´ë‹¤.
- ë§Œì•½ ê²€ìƒ‰ì— ì‹¤íŒ¨í•˜ë©´ ë„ ê°’ì„ ë°˜í™˜í•œë‹¤.
- ê²€ìƒ‰ì— ì‚¬ìš©í•˜ëŠ” ì•Œê³ ë¦¬ì¦˜ì€ ì„ í˜• ê²€ìƒ‰ì´ë©° ê²€ìƒ‰í•  ë…¸ë“œë¥¼ ë§Œë‚  ë•Œê¹Œì§€ ë¨¸ë¦¬ ë…¸ë“œë¶€í„° ìŠ¤ìº”í•œë‹¤.

### Search í•¨ìˆ˜ ì¢…ë£Œ ì¡°ê±´

```c
c1. ê²€ìƒ‰ ì¡°ê±´ì„ ë§Œì¡±í•˜ëŠ” ë…¸ë“œë¥¼ ë°œê²¬ í•˜ì§€ ëª»í•˜ê³  ê¼¬ë¦¬ ë…¸ë“œë¥¼ ì§€ë‚˜ê°€ê¸° ì§ì „ì¸ ê²½ìš°
c2. ê²€ìƒ‰ ì¡°ê±´ì„ ë§Œì¡±í•˜ëŠ” ë…¸ë“œë¥¼ ì°¾ì€ ê²½ìš°
```

```c
Node *search(
	List *list,
	const data *x,
	int compare(const data *x, const data *y)
);

list - ê²€ìƒ‰ ëŒ€ìƒì¸ ì—°ê²° ë¦¬ìŠ¤íŠ¸ë¥¼ ê°€ë¦¬í‚¤ëŠ” í¬ì¸í„°
x - ê²€ìƒ‰í•˜ëŠ” í‚¤ ê°’ì„ ì €ì¥í•œ ë°ì´í„°ë¥¼ ê°€ë¦¬í‚¤ëŠ” í¬ì¸í„°
compare - ë‘ ë²ˆì§¸ ë§¤ê°œ ë³€ìˆ˜ xê°€ ê°€ë¦¬í‚¤ëŠ” ê°ì²´ì™€ ì—°ê²°ë¦¬ìŠ¤íŠ¸ì˜ ë…¸ë“œì™€ ë°ì´í„°ë¥¼ ë¹„êµí•˜ëŠ” í•¨ìˆ˜ë¥¼
ê°€ë¦¬í‚¤ëŠ” í¬ì¸í„°ì´ë©° í•´ë‹¹ ë¹„êµ í•¨ìˆ˜ëŠ” ê²€ìƒ‰ì— ì„±ê³µí•˜ë©´ 0ì„ ë°˜í™˜
```

```c
Node *search(List *list, const data *x, int compare(const data *x, const data *y)) {
		// 1
    Node *ptr = list->head;
		//2
    while (ptr != NULL) {
				//3
        if (compare(&ptr->data, x) == 0) {
            list->crnt = ptr;
            return ptr;
        }
				//4
        ptr = ptr->next;
    }
		//5
    return NULL;
}
```

1. ê²€ìƒ‰í•˜ê³  ìˆëŠ” ë…¸ë“œë¥¼ ê°€ë¦¬í¬ëŠ” ë³€ìˆ˜ ptrì„ listâ†’headë¡œ ì´ˆê¸°í™” (ë¨¸ë¦¬ ë…¸ë“œ)
2. ptr ê°’ì´ ë„ì´ ì•„ë‹ˆë©´ ë£¨í”„ë¥¼ ëŒë©° ptrê°’ì´ ë„ì´ë©´ ê²€ìƒ‰í•  ë…¸ë“œê°€ ì—†ê¸° ë–„ë¬¸ì— whileë¬¸ì„ ë¹ ì ¸ë‚˜ì™€ NULLì„ ë¦¬í„´í•œë‹¤.
3. ë‘ ë²ˆì§¸ ì¡°ê±´ì¸ compare í•¨ìˆ˜ë¥¼ ì‚¬ìš©í•˜ì—¬ ë¹„êµë¥¼ í•˜ì˜€ì„ ê²½ìš° ë…¸íŠ¸ì˜ ë°ì´í„° (ptrâ†’data)ì™€ x ê°€ ê°€ë¦¬í‚¤ëŠ” ë°ì´í„°ë¥¼ comapre í•¨ìˆ˜ë¡œ ë¹„êµ compare í•¨ìˆ˜ëŠ” ê²€ìƒ‰ì— ì„±ê³µí•˜ë©´ 0ì„ ë°˜í™˜í•˜ë©° listâ†’crntì— ptrì„ ëŒ€ì…í•˜ê³  ì°¾ì€ ë…¸ë“œì— ëŒ€í•œ í¬ì¸í„°ì¸ ptrì„ ë°˜í™˜
4. ptr ì— ptrâ†’next ë¥¼ ëŒ€ì…í•˜ì—¬ ptrì´ ë‹¤ìŒ ë…¸ë“œë¥¼ ê°€ë¦¬í‚¬ìˆ˜ ìˆë„ë¡ í•œë‹¤.
5. ê²€ìƒ‰ ì‹¤íŒ¨ì‹œ NULL ë°˜í™˜

### frontInsert í•¨ìˆ˜

- ì—°ê²° ë¦¬ìŠ¤íŠ¸ì˜ ë¨¸ë¦¬ì— ë…¸ë“œë¥´ ì‚½ì…
- ë¨¸ë¦¬ ë…¸ë“œ ë‹¤ìŒ ë…¸ë“œì— ìƒˆë¡œìš´ ë…¸ë“œë¥¼ ì‚½ì…í•  ì‹œ

```c
1. ì‚½ì…ì „ì— ë¨¸ë¦¬ ë…¸ë“œ ì— ëŒ€í•œ í¬ì¸í„°ë¥¼ ptrì— ëŒ€ì…í•œë‹¤
2. ì‚½ì…í•  ë…¸ë“œë¥¼ nodeAlloc í•¨ìˆ˜ë¡œ í• ë‹¹í•˜ê³  ìƒˆë¡œìš´ ë…¸ë“œë¥¼ ê°€ë¦¬í‚¤ë„ë¡ list->headë¥¼ ì—…ë°ì´íŠ¸í•œë‹¤.
3. nodeSet í•¨ìˆ˜ë¥¼ í˜¸ì¶œí•˜ì—¬ ê°’ì„ ì„¤ì •í•œí›„ ì‚½ì…í•œ ë‹¤ìŒ ë¨¸ë¦¬ ë…¸ë“œì˜ ë‹¤ìŒì„ ìƒˆë¡œìš´ ë…¸ë“œë¡œ ì—…ë°ì´íŠ¸
```

```c
void fronInsert(List *list, const data *x) {
    Node *ptr = list->head;
    list->head = list->crnt = nodeAlloc();
    nodeSet(list->head , x, ptr);
}
```

### rearInsert í•¨ìˆ˜

- ì—°ê²° ë¦¬ìŠ¤íŠ¸ ê¼¬ë¦¬ì— ë…¸ë“œë¥¼ ì‚½ì…í•˜ëŠ” í•¨ìˆ˜
- ë¦¬ìŠ¤íŠ¸ê°€ ë¹„ì–´ ìˆëŠ”ì§€ ì•„ë‹Œì§€ë¥¼ ë¨¼ì € í™•ì¸ (listâ†’head == NULL) í•˜ê³  ê²½ìš°ì— ë”°ë¼ ë‹¤ìŒ ì‘ì—…ì„ ìˆ˜í–‰

```c
1. ë¦¬ìŠ¤íŠ¸ê°€ ë¹„ì–´ ìˆì§€ ì•Šì€ ê²½ìš°
ë¦¬ìŠ¤íŠ¸ ê¼¬ë¦¬ì— ë…¸ë“œë¥¼ ì‚½ì…í•œë‹¤.
2. ë¦¬ìŠ¤íŠ¸ê°€ ë¹„ì–´ ìˆëŠ” ê²½ìš°
ë¨¸ë¦¬ì— ë…¸ë“œë¥¼ ì‚½ì…í•˜ëŠ” ë¡œì§ê³¼ ê°™ìœ¼ë©° fronInsert í•¨ìˆ˜ë¡œ ì²˜ë¦¬í•œë‹¤.
```

```c
void rearInsert(List *list, const data *x) {
    if (list->head == NULL) {
        frontInsert(list, x);
    } else {
        Node *ptr = list->head;
        while(ptr->next != NULL) {
            ptr = ptr->next;
        }
        ptr->next = list->crnt = nodeAlloc();
        nodeSet(ptr->next, x, NULL);
    }
}
```

### frontRemove í•¨ìˆ˜

- ë¨¸ë¦¬ ë…¸ë“œë¥¼ ì‚­ì œí•˜ëŠ” í•¨ìˆ˜
- ë¦¬ìŠ¤íŠ¸ê°€ ë¹„ì–´ ìˆì§€ ì•Šì€ ê²½ìš° (listâ†’head â‰  NULL)ì—ë§Œ ì‚­ì œ ì‹¤í–‰
- ë…¸ë“œê°€ A, B, C ì—°ê²°ë˜ì–´ ìˆëŠ” ê²½ìš° Aë¥¼ í•´ì œí•  ê²½ìš°ì— listâ†’head ëŠ” Aë…¸ë“œë¥¼ ê°€ë¦¬í‚¤ê³  ìˆì„ ê²ƒì´ê³  Bë…¸ëŠ” listâ†’headâ†’nextë¡œ ìˆì„ ê²ƒì´ë‹¤. A ê°€ í•´ì œë ì‹œ listâ†’headëŠ” Bë¥¼ ê°€ë¦¬í‚¤ê²Œ í•˜ê³  ì‚­ì œí•  AëŠ” ë©”ëª¨ë¦¬ ì˜ì—­ì„ í•´ì œí•œë‹¤.
- ë§Œì•½ ë¦¬ìŠ¤íŠ¸ì— ë…¸ë“œê°€ 1ê°œë§Œ ìˆì–´ë„ ì‚­ì œí•˜ê¸° ì „ì˜ ë¨¸ë¦¬ ë…¸ë“œëŠ” ê¼¬ë¦¬ ë…¸ë“œì´ê¸° ë•Œë¬¸ì— ë‹¤ìŒ ë…¸ë“œë¥¼ ê°€ë¦¬í‚¤ëŠ” listâ†’headâ†’nextê°€ ë„ì´ë‹¤.
- ë„ì€ listâ†’head ì— ëŒ€ì…í•˜ë©´ ë¦¬ìŠ¤íŠ¸ëŠ” ë¹ˆ ìƒíƒœê°€ ëœë‹¤.

```c
void frontRemove(List *list) {
    if (list->head != NULL) {
        Node *ptr = list->head->next;  // ë‘ ë²ˆì§¸ ë…¸ë“œ í¬ì¸í„°
        free(list->head);              // ë¨¸ë¦¬ ë…¸ë“œë¥¼ í•´ì œ
        list->head = list->crnt = ptr; // ìƒˆë¡œìš´ ë¨¸ë¦¬ ë…¸ë“œ
    }
}
```

### rearRemove í•¨ìˆ˜

- ê¼¬ë¦¬ ë…¸ë“œë¥¼ ì‚­ì œí•˜ëŠ” í•¨ìˆ˜
- ë¦¬ìŠ¤íŠ¸ì— ë…¸ë“œê°€ ëª‡ ê°œ ìˆëŠ”ì§€ì— ë”°ë¼ ê·¸ ê²½ìš°ì— í•´ë‹¹ í•˜ëŠ” ì‘ì—…ì„ ìˆ˜í–‰

```c
void rearRemove(List *list) {
    if (list->head != null) {
        if ((list->head)->next == NULL) {   // ë…¸ë“œ 1ê°œ ì¸ê²½ìš°
            frontRemove(list);              // ë¨¸ë¦¬ ë…¸ë“œë¥¼ ì‚­ì œ
        } else {
						// while ë¬¸ì´ ì¢…ë£Œë ì‹œ ptrì€ ê¼¬ë¦¬ ë…¸ë“œë¥¼ ê°€ë¦¬í‚¤ê³  preëŠ” ê¼¬ë¦¬ë…¸ë“œ ë‘ë²ˆì§¸ ë…¸ë“œ
            Node *ptr = list->head;
            Node *pre;
            while(ptr->next != NULL) {
                pre = ptr;
                ptr = ptr->next;
            }
            pre->next = NULL;
            free(ptr);
            list->crnt = pre;
        }
    }
}
```

```c
1. ë¦¬ìŠ¤íŠ¸ì— ë…¸ë“œê°€ 1ê°œ ë§Œ ìˆì„ ê²½ìš°
- ë¨¸ë¦¬ ë…¸ë“œë¥¼ ì‚­ì œí•˜ëŠ” ê²ƒê³¼ ê°™ë‹¤. frontRemove í•¨ìˆ˜ë¡œ ì²˜ë¦¬
2. ë¦¬ìŠ¤íŠ¸ì— ë…¸ë“œê°€ 2ê°œ ì´ìƒ ìˆëŠ” ê²½ìš°
- ëŒë©´ì„œ ì‚­ì œ
```

### currentRemove í•¨ìˆ˜

- í˜„ì¬ ì„ íƒí•œ ë…¸ë“œ(listâ†’crnt)ê°€ ê°€ë¦¬í‚¤ëŠ” ë…¸ë“œë¥¼ ì‚­ì œí•˜ëŠ” í•¨ìˆ˜
- ì„ íƒí•œ ë…¸ë“œê°€ ë¨¸ë¦¬ ë…¸ë“œì¸ì ì•„ë‹Œì§€ì— ë”°ë¼ ë‹¤ìŒ ì‘ì—… ìˆ˜í–‰
1. **crntê°€ ë¨¸ë¦¬ ë…¸ë“œê°€ ì•„ë‹Œ ê²½ìš°**
- ì„ íƒí•œ ë…¸ë“œì˜ ì• ë…¸ë“œë¥¼ ì°¾ëŠ”ë‹¤. while ë¬¸ì€ ë¨¸ë¦¬ ë…¸ë“œë¶€í„° ìŠ¤ìº”ì„ ì‹œì‘í•œë‹¤.
- ì„ íƒí•œ ë…¸ë“œptrì˜ ë‹¤ìŒ ë…¸ë“œë¥¼ ê°€ë¦¬í‚¤ëŠ” í¬ì¸í„° (ptrâ†’next) ê°€ (listâ†’crnt)ì™€ ê°™ì„ ë•Œ ê¹Œì§€ ë°˜ë³µí•œë‹¤.
- whileë¬¸ì´ ì¢…ë£Œë˜ê³  ë‚œ ë‹¤ìŒ ptrì´ ê°€ë¦¬í‚¤ëŠ” ë…¸ë“œëŠ” í•´ì œí•˜ê¸° ìœ„í•´ ì„ íƒí•œ ë…¸ë“œì˜ ì•ìª½ ë…¸ë“œê°€ ëœë‹¤.
- ì‚­ì œí•˜ê¸° ìœ„í•´ ì„ íƒí•œ ë…¸ë“œëŠ” ë‹¤ìŒ ë…¸ë“œ í¬ì¸í„° listâ†’crntâ†’next ë¥¼ ë’¤ìª½ ë…¸ë“œì˜ ë‹¤ìŒ ë…¸ë“œ í¬ì¸í„° ptrâ†’nextì— ëŒ€ì…í•œë‹¤.
- ë’¤ìª½ ë…¸ë“œì˜ ë‹¤ìŒ ë…¸ë“œ í¬ì¸í„°ê°€ ê°€ë¦¬í‚¤ëŠ” ë…¸ë“œê°€ ì„ íƒí•œ ë…¸ë“œ ë‹¤ìŒ ë…¸ë“œë¡œ ì—…ë°ì´íŠ¸ í›„ ì„ íƒí•œ ë…¸ë“œë¥¼ í•´ì œ

2. **crntê°€ ë¨¸ë¦¬ ë…¸ë“œì¸ ê²½ìš°**

- ë¨¸ë¦¬ ë…¸ë“œë¥¼ ì‚­ì œí•˜ë©´ ë˜ë©° frontRemove í•¨ìˆ˜ë¡œ ì²˜ë¦¬í•œë‹¤.

## ì „ì²´ ì†ŒìŠ¤ ì½”ë“œ

### header

**LinkedList.h**

```c
#ifndef __LinkedList
#define __LinkedList
#include "Security.h"

// Node
typedef struct __node {
    Security data;           
    struct __node *next;    
} Node;

typedef struct {
    Node *head;   
    Node *crnt;   
} List;

void Init(List *list);

Node *search(List *list, const Security *x, int compare(const Security *x, const Security *y));

void frontInsert(List *list, const Security *x);

void rearInsert(List *list, const Security *x);

void frontRemove(List *list);

void rearRemove(List *list);

void currentRemove(List *list);

void clearAllList(List *list);

void currentPrint(const List *list);

void currentPrintLn(const List *list);

void Print(const List *list);

void Terminate(List *list);
#endif
```

**Security.h**

```c
#ifndef ___Security
#define ___Security

typedef struct
{
    int no;        
    char name[20]; 
} Security;

#define Security_NAME 2 
#define Security_NO 1 

int SecurityNoCmp(const Security *x, const Security *y);

int SecurityNameCmp(const Security *x, const Security *y);

void PrintSecurity(const Security *x);

void PrintLnSecurity(const Security *x);

Security ScanSecurity(const char *message, int sw);
#endif
```

### src

**LinkedList.c**

```c
#include <stdio.h>
#include <stdlib.h>
#include "Security.h"
#include "LinkedList.h"

static Node *nodeAlloc(void) {
    return calloc(1, sizeof(Node));
}

static void nodeSet(Node *n, const Security *x, const Node *next) {
    n->data = *x;   
    n->next = (Node*)next; 
}

void Init(List *list) {
    list->head = NULL;  
    list->crnt = NULL;  
}

Node *search(List *list, const Security *x, int compare(const Security *x, const Security *y)) {
    Node *ptr = list->head;
    while (ptr != NULL) {
        if (compare(&ptr->data, x) == 0) {
            list->crnt = ptr;
            return ptr;
        }
        ptr = ptr->next;
    }
    return NULL;
}

void frontInsert(List *list, const Security *x) {
    Node *ptr = list->head;
    list->head = list->crnt = nodeAlloc();
    nodeSet(list->head , x, ptr);
}
void rearInsert(List *list, const Security *x) {
    if (list->head == NULL) {
        frontInsert(list, x);
    } else {
        Node *ptr = list->head;
        while(ptr->next != NULL) {
            ptr = ptr->next;
        }
        ptr->next = list->crnt = nodeAlloc();
        nodeSet(ptr->next, x, NULL);
    }
}

void frontRemove(List *list) {
    if (list->head != NULL) {
        Node *ptr = list->head->next;
        free(list->head);
        list->head = list->crnt = ptr;
    }
}
void rearRemove(List *list) {
    if (list->head != NULL) {
        if ((list->head)->next == NULL) {
            frontRemove(list);
        } else {
            Node *ptr = list->head;
            Node *pre;
            while(ptr->next != NULL) {
                pre = ptr;
                ptr = ptr->next;
            }
            pre->next = NULL;
            free(ptr);
            list->crnt = pre;
        }
    }
}
void currentRemove(List *list) {
    if (list->head != NULL) {
        if (list->crnt == list->head) {
            frontRemove(list);
        } else {
            Node *ptr = list->head;
            while(ptr->next != list->crnt) {
                ptr = ptr->next;
            }
            ptr->next = list->crnt->next;
            free(list->crnt);
            list->crnt = ptr;
        }
    }
}
void clearAllList(List *list) {
    while(list->head != NULL) {
        frontRemove(list);
    }
    list->crnt = NULL;
}
void currentPrint(const List *list) {
    if (list->crnt == NULL) {
        printf("ì„ íƒëœ ë…¸ë“œê°€ ì—†ìŠµë‹ˆë‹¤.\n");
    } else {
        PrintLnSecurity(&list->crnt->data);
    }
}
void currentPrintLn(const List *list) {
    currentPrint(list);
    putchar('\n');
}

void Print(const List *list) {
    if (list->head == NULL) {
        puts("ë…¸ë“œê°€ ì—†ë‹¤.");
    } else {
        Node *ptr = list->head;
        puts("[ì „ì²´ ë…¸ë“œ í™•ì¸]");
        while (ptr != NULL) {
            PrintLnSecurity(&ptr->data);
            ptr = ptr->next;
        }
    }
}
void Terminate(List *list) {
    clearAllList(list);
}
```

**Security.c**

```c
#include <stdio.h>
#include <string.h>
#include "Security.h"

int SecurityNoCmp(const Security *x, const Security *y)
{
    return x->no < y->no ? -1 : x->no > y->no ? 1 : 0;
}

int SecurityNameCmp(const Security *x, const Security *y)
{
    return strcmp(x->name, y->name);
}

void PrintSecurity(const Security *x)
{
    printf("%d %s", x->no, x->name);
}

void PrintLnSecurity(const Security *x)
{
    printf("%d %s\n", x->no, x->name);
}

Security ScanSecurity(const char *message, int sw)
{
    Security temp;
    printf("%sí•˜ëŠ” ë³´ì•ˆ ì½”ë“œë¥¼ ì…ë ¥í•˜ì„¸ìš”.\n", message);
    if (sw & Security_NO)
    {
        printf("ë²ˆí˜¸ : ");
        scanf("%d", &temp.no);
    }
    if (sw & Security_NAME)
    {
        printf("ì´ë¦„ : ");
        scanf("%s", temp.name);
    }
    return temp;
}
```

**main.c**

```c
#include <stdio.h>
#include "Security.h"
#include "LinkedList.h"

/*Menu*/
typedef enum
{
    TERMINATE,
    INS_FRONT,
    INS_REAR,
    RMV_FRONT,
    RMV_REAR,
    PRINT_CRNT,
    RMV_CRNT,
    SRCH_NO,
    SRCH_NAME,
    PRINT_ALL,
    CLEAR,
} Menu;

/*Menu select*/
Menu SelectMenu(void)
{
    int i, ch;
    char *mstring[] = {
        "ë¨¸ë¦¬ì— ë…¸ë“œë¥¼ ì‚½ì…",
        "ê¼¬ë¦¬ì— ë…¸ë“œë¥¼ ì‚½ì…",
        "ë¨¸ë¦¬ ë…¸ë“œë¥¼ ì‚­ì œ",
        "ê¼¬ë¦¬ ë…¸ë“œë¥¼ ì‚­ì œ",
        "ì„ íƒí•œ ë…¸ë“œë¥¼ ì¶œë ¥",
        "ì„ íƒí•œ ë…¸ë“œë¥¼ ì‚­ì œ",
        "ë²ˆí˜¸ë¡œ ê²€ìƒ‰",
        "ì´ë¦„ìœ¼ë¡œ ê²€ìƒ‰",
        "ëª¨ë“  ë…¸ë“œë¥¼ ì¶œë ¥",
        "ëª¨ë“  ë…¸ë“œë¥¼ ì‚­ì œ",
    };
    do
    {
        for (i = TERMINATE; i < CLEAR; i++) 
        {
            printf("(%2d) %-40s ", i + 1, mstring[i]);
            if ((i % 3) == 2)
                putchar('\n');
        }
        printf("(0) ì¢…ë£Œ : ");
        scanf("%d", &ch);
    } while (ch < TERMINATE || ch > CLEAR);
    return (Menu)ch;
}

/*Main*/
int main(void)
{
    Menu menu;
    List list;
    Init(&list); 

    do
    {
        Security x;

        switch (menu = SelectMenu())
        {
        case INS_FRONT:
            x = ScanSecurity("ë¨¸ë¦¬ì— ì‚½ì…", Security_NO | Security_NAME);
            frontInsert(&list, &x);
            break;

        case INS_REAR:
            x = ScanSecurity("ê¼¬ë¦¬ì— ì‚½ì…", Security_NO | Security_NAME);
            rearInsert(&list, &x);
            break;

        case RMV_FRONT:
            frontRemove(&list);
            break;

        case RMV_REAR:
            rearRemove(&list);
            break;

        case PRINT_CRNT:
            currentPrint(&list);
            break;

        case RMV_CRNT:
            currentRemove(&list);
            break;

        case SRCH_NO:
            x = ScanSecurity("ê²€ìƒ‰", Security_NO);
            if (search(&list, &x, SecurityNoCmp) != NULL)
                currentPrintLn(&list);
            else
                puts("ê·¸ ë²ˆí˜¸ì˜ ë°ì´í„°ê°€ ì—†ë‹¤.");
            break;

        case SRCH_NAME:
            x = ScanSecurity("ê²€ìƒ‰", Security_NAME);
            if (search(&list, &x, SecurityNoCmp) != NULL)
                currentPrintLn(&list);
            else
                puts("ê·¸ ì´ë¦„ì˜ ë°ì´í„°ê°€ ì—†ë‹¤.");

            break;

        case PRINT_ALL:
            Print(&list);
            break;

        case CLEAR:
            clearAllList(&list);
            break;
        default:
            break;
        }
    } while (menu != TERMINATE);
    Terminate(&list); /*ì—°ê²°ë¦¬ìŠ¤íŠ¸ ì¢…ë£Œ*/

    return 0;
}
```

### build MAKEFILE

```c
LinkedList
	- include
		- LinkedList.h
		- Security.h
	- src
		- LinkedList
			- LinkedList.c
			- Security.c
		- main.c
	- Makefile
```

```c
LINKEDLISTPATH = LinkedList/
LINKEDLISTFILES = LinkedList.c Security.c
LINKEDLIST = $(addprefix $(LINKEDLISTPATH), $(LINKEDLISTFILES))

SRCPATH = ./src/
SRCFILES = main.c $(LINKEDLIST)
SRCS = $(addprefix $(SRCPATH), $(SRCFILES))

OBJECTS = $(SRCS:.c=.o)

INC = -I./include/

CC = gcc
CFLAGS = -Wall -Werror -Wextra $(INC)

NAME = main
RM = rm -fr

.c .o :
		$(CC) $(CFLAGS) -c

all : $(NAME)

$(NAME) : $(OBJECTS)
		$(CC) $(CFLAGS) $(OBJECTS) -o $(NAME)
		@make clean

clean :
		$(RM) $(OBJECTS) core

fclean : clean
		$(RM) $(NAME)

re : fclean all

.PHONY : re fclean clean all
```

# Intel arch disassembly

### nodeAlloc function

```c
static Node *nodeAlloc(void) {
    return calloc(1, sizeof(Node));
}

Dump of assembler code for function nodeAlloc:
   0x00005555555555ff <+0>:     endbr64 
   0x0000555555555603 <+4>:     push   rbp
   0x0000555555555604 <+5>:     mov    rbp,rsp
   0x0000555555555607 <+8>:     mov    esi,0x20
   0x000055555555560c <+13>:    mov    edi,0x1
   0x0000555555555611 <+18>:    call   0x555555555110 <calloc@plt>
   0x0000555555555616 <+23>:    pop    rbp
   0x0000555555555617 <+24>:    ret
```

- nodeAlloc functionì€ Node êµ¬ì¡°ì²´ size ë§Œí¼ ë©”ëª¨ë¦¬ë¥¼ í• ë‹¹í•œí›„ ë°˜í™˜í•˜ëŠ” êµ¬ì¡°ì´ë‹¤ ë³´ë‹ˆ í•´ë‹¹ ë¡œì§ì„ ë°”íƒ•ìœ¼ë¡œ Node êµ¬ì¡°ì²´ ì •ì˜ë¥¼ ë¶„ì„í•´ë³´ì

### **pseudo C Code**

```c
__int64 nodeAlloc()
{
  __asm { endbr64 }
  return calloc(1LL, 32LL);
}
```

### Node Struct IDA

*Struct menu*

![./0.png](./0.png)

- êµ¬ì¡°ì²´ê°€ ì •ì˜ ë˜ì–´ ìˆì§€ ì•Šì•„ ë¶„ì„ì‹œ ë¶ˆí¸í•˜ê¸°ì— êµ¬ì¡°ì²´ ìƒì„±ì„ í•´ë³´ë„ë¡ í•˜ê² ë‹¤.
- IDAë‚´ì—ì„œ êµ¬ì¡°ì²´ íƒ­ì„ ì„ íƒí•œí›„ `Insert` í‚¤ë¥¼ ëˆŒëŸ¬ ì´ë¦„ì„ ì„ íƒí•œí›„ êµ¬ì¡°ì²´ë¥¼ ì¶”ê°€í•œë‹¤.

![./1.png](./1.png)
- `ends` ë¥¼ í´ë¦­í•œí›„ `d` keyë¥¼ ëˆŒëŸ¬ ë©¤ë²„ë¥¼ ì¶”ê°€í•œë‹¤.

![./2.png](./2.png)

- ë¨¼ì € Security êµ¬ì¡°ì²´ë¥¼ ì •ì˜ í•´ë³´ì
- ì•ì—ì„œ ë§í•œê±°ì™€ ë™ì¼í•˜ê²Œ í•´ë‹¹ êµ¬ì¡°ì²´ ë©¤ë²„ë¥¼ ì¶”ê°€í•œí›„ ì˜¤ë¥¸ìª½ ë°ì´í„° íƒ€ì…ì„ í´ë¦­í•œí›„ d ë¥¼ ëˆ„ë¥´ë©´ íƒ€ì… ë³€ê²½ì´ ê°€ëŠ¥í•˜ë‹¤.
- ë˜í•œ ë©¤ë²„ ì´ë¦„ì„ í´ë¦­í•œí›„ `n` keyë¥¼ ëˆŒëŸ¬ ì´ë¦„ì„ ë³€ê²½í•œë‹¤.
- name ë©¤ë²„ëŠ” 20ë°”ì´íŠ¸ì˜ ë°°ì—´ì´ê¸° ë•Œë¬¸ì— byteë¡œ ì„¤ì •í•œí›„ `*` keyë¥¼ ëˆŒëŸ¬ 20ë°”ì´íŠ¸ ì„¤ì •ì„ ë§ˆì¹œë‹¤.

![./3.png](./3.png)
### Struct ì •ì˜

```c
// Node
typedef struct __node {
    Security data;           
    struct __node *next;    
} Node;

typedef struct {
    Node *head;   
    Node *crnt;   
} List;

// Security.h
typedef struct
{
    int no;        
    char name[20]; 
} Security;
```

![./4.png](./4.png)

![./5.png](./5.png)
- `Y` keyë¥¼ ëˆŒëŸ¬ êµ¬ì¡°ì²´ ë°ì´í„° íƒ€ì…ì„ ì§€ì •í•œ íƒ€ì…ìœ¼ë¡œ ë³€ê²½í•˜ì—¬ ë°ì´í„° íƒ€ì…ì„ ë³€ê²½í•œë‹¤.

### nodeSet function

```c
static void nodeSet(Node *n, const Security *x, const Node *next) {
    n->data = *x;   
    n->next = (Node*)next; 
}

Dump of assembler code for function nodeSet:
   0x0000555555555618 <+0>:     endbr64 
   0x000055555555561c <+4>:     push   rbp
   0x000055555555561d <+5>:     mov    rbp,rsp
   0x0000555555555620 <+8>:     mov    QWORD PTR [rbp-0x8],rdi
   0x0000555555555624 <+12>:    mov    QWORD PTR [rbp-0x10],rsi
   0x0000555555555628 <+16>:    mov    QWORD PTR [rbp-0x18],rdx
   0x000055555555562c <+20>:    mov    rcx,QWORD PTR [rbp-0x8]
   0x0000555555555630 <+24>:    mov    rsi,QWORD PTR [rbp-0x10]
   0x0000555555555634 <+28>:    mov    rax,QWORD PTR [rsi]
   0x0000555555555637 <+31>:    mov    rdx,QWORD PTR [rsi+0x8]
   0x000055555555563b <+35>:    mov    QWORD PTR [rcx],rax
   0x000055555555563e <+38>:    mov    QWORD PTR [rcx+0x8],rdx
   0x0000555555555642 <+42>:    mov    rax,QWORD PTR [rsi+0x10]
   0x0000555555555646 <+46>:    mov    QWORD PTR [rcx+0x10],rax
   0x000055555555564a <+50>:    mov    rax,QWORD PTR [rbp-0x8]
   0x000055555555564e <+54>:    mov    rdx,QWORD PTR [rbp-0x18]
   0x0000555555555652 <+58>:    mov    QWORD PTR [rax+0x18],rdx
   0x0000555555555656 <+62>:    nop
   0x0000555555555657 <+63>:    pop    rbp
   0x0000555555555658 <+64>:    ret
```

- í˜¸ì¶œì „ 3ê°œì˜ ì¸ì Node êµ¬ì¡°ì²´, Security êµ¬ì¡°ì²´,ë‹¤ìŒ ë…¸ë“œì˜ êµ¬ì¡°ì²´ ë¥¼ ì „ë‹¬ë°›ì•„ ìŠ¤íƒìƒì— 8ë°”ì´íŠ¸ ì°¨ì´ë¡œ 0x8~0x18 ê³µê°„ì— ëŒ€ì… í•˜ëŠ” ê²ƒì„ í™•ì¸í•  ìˆ˜ ìˆë‹¤.

```c
   0x0000555555555630 <+24>:    mov    rsi,QWORD PTR [rbp-0x10]
   0x0000555555555634 <+28>:    mov    rax,QWORD PTR [rsi]
   0x0000555555555637 <+31>:    mov    rdx,QWORD PTR [rsi+0x8]
   0x000055555555563b <+35>:    mov    QWORD PTR [rcx],rax
```

- Security êµ¬ì¡°ì²´ íƒ€ì…ì˜ ë°ì´í„°ë¥¼ í•´ë‹¹ ìŠ¤íƒ ê³µê°„ì— í• ë‹¹í•˜ê³  `[rsi]` ì—­ì°¸ì¡°í•˜ì—¬ rax ë ˆì§€ìŠ¤í„°ì— ëŒ€ì…í•œí›„ í•´ë‹¹ ê°’ì„ `n->data` = *x í•´ë‹¹ êµ¬ì¡°ë¡œ ëŒ€ì…í•˜ëŠ” ê²ƒì„ í™•ì¸í•  ìˆ˜ ìˆë‹¤.

### pseudo C Code

```c
void __fastcall nodeSet(Node *a1, Security *a2, Node *a3)
{
  Node *node; // rcx
  Security *x; // rsi
  __int64 v5; // rdx
  __int64 v6; // [rsp-8h] [rbp-8h]

  __asm { endbr64 }
  *(&v6 - 1) = (__int64)a1;
  *(&v6 - 2) = (__int64)a2;
  *(&v6 - 3) = (__int64)a3;
  node = (Node *)*(&v6 - 1);
  x = (Security *)*(&v6 - 2);
  v5 = *(_QWORD *)&x->name[4];
  node->data = *(_QWORD *)&x->no;
  node->next = v5;
  node[1].data = *(_QWORD *)&x->name[12];
  *(_QWORD *)(*(&v6 - 1) + 24) = *(&v6 - 3);
}
```

### Init function
![./NODENODE.png](./NODENODE.png)

```c
//c 
void Init(List *list) {
    list->head = NULL;  
    list->crnt = NULL;  
}

Dump of assembler code for function Init:
=> 0x0000555555555659 <+0>:     endbr64 
   0x000055555555565d <+4>:     push   rbp
   0x000055555555565e <+5>:     mov    rbp,rsp
   0x0000555555555661 <+8>:     mov    QWORD PTR [rbp-0x8],rdi
   0x0000555555555665 <+12>:    mov    rax,QWORD PTR [rbp-0x8]
   0x0000555555555669 <+16>:    mov    QWORD PTR [rax],0x0
   0x0000555555555670 <+23>:    mov    rax,QWORD PTR [rbp-0x8]
   0x0000555555555674 <+27>:    mov    QWORD PTR [rax+0x8],0x0
   0x000055555555567c <+35>:    nop
   0x000055555555567d <+36>:    pop    rbp
   0x000055555555567e <+37>:    ret
```

- mainì—ì„œ ì¸ìë¡œ ë°›ì•„ì˜¨ `list` êµ¬ì¡°ì²´ë¥¼ í•´ë‹¹ NULL ê°’ìœ¼ë¡œ ì„¸íŒ…í•´ì£¼ëŠ” ê²ƒì„ í™•ì¸í•  ìˆ˜ ìˆë‹¤.
- ë‘ ë©¤ë²„ëŠ” ê° í¬ì¸í„° íƒ€ì…ìœ¼ë¡œ 0x8 ë°”ì´íŠ¸ ì°¨ì´ê°€ ë‚œë‹¤.

### pseudo C Code

```c
void __fastcall Init(list *a1)
{
  list *list; // [rsp-8h] [rbp-8h]

  __asm { endbr64 }
  *(&list - 1) = a1;
  (*(&list - 1))->head = 0LL;
  (*(&list - 1))->crnt = 0LL;
}
```

### frontInsert function
![./insertTT.png](./insertTT.png)
```c
void frontInsert(List *list, const Security *x) {
    Node *ptr = list->head;
    list->head = list->crnt = nodeAlloc();
    nodeSet(list->head , x, ptr);
}

Dump of assembler code for function frontInsert:
   0x00005555555556e8 <+0>:     endbr64 
   0x00005555555556ec <+4>:     push   rbp
   0x00005555555556ed <+5>:     mov    rbp,rsp
   0x00005555555556f0 <+8>:     sub    rsp,0x20
   0x00005555555556f4 <+12>:    mov    QWORD PTR [rbp-0x18],rdi
   0x00005555555556f8 <+16>:    mov    QWORD PTR [rbp-0x20],rsi
   0x00005555555556fc <+20>:    mov    rax,QWORD PTR [rbp-0x18]
   0x0000555555555700 <+24>:    mov    rax,QWORD PTR [rax]
   0x0000555555555703 <+27>:    mov    QWORD PTR [rbp-0x8],rax
   0x0000555555555707 <+31>:    call   0x5555555555ff <nodeAlloc>
   0x000055555555570c <+36>:    mov    rdx,QWORD PTR [rbp-0x18]
   0x0000555555555710 <+40>:    mov    QWORD PTR [rdx+0x8],rax
   0x0000555555555714 <+44>:    mov    rax,QWORD PTR [rbp-0x18]
   0x0000555555555718 <+48>:    mov    rdx,QWORD PTR [rax+0x8]
   0x000055555555571c <+52>:    mov    rax,QWORD PTR [rbp-0x18]
   0x0000555555555720 <+56>:    mov    QWORD PTR [rax],rdx
   0x0000555555555723 <+59>:    mov    rax,QWORD PTR [rbp-0x18]
   0x0000555555555727 <+63>:    mov    rax,QWORD PTR [rax]
   0x000055555555572a <+66>:    mov    rdx,QWORD PTR [rbp-0x8]
   0x000055555555572e <+70>:    mov    rcx,QWORD PTR [rbp-0x20]
   0x0000555555555732 <+74>:    mov    rsi,rcx
   0x0000555555555735 <+77>:    mov    rdi,rax
   0x0000555555555738 <+80>:    call   0x555555555618 <nodeSet>
   0x000055555555573d <+85>:    nop
   0x000055555555573e <+86>:    leave  
   0x000055555555573f <+87>:    ret
```

```c
0x0000555555555414 in main ()
(gdb) 
ë¨¸ë¦¬ì— ì‚½ì…í•˜ëŠ” ë³´ì•ˆ ì½”ë“œë¥¼ ì…ë ¥í•˜ì„¸ìš”.
ë²ˆí˜¸ : 10
ì´ë¦„ : AAAAAAAA

[----------------------------------registers-----------------------------------]
RAX: 0x7fffffffd9e0 --> 0x0 
RBX: 0x555555555c40 (<__libc_csu_init>: endbr64)
RCX: 0x7fffffffd9b0 --> 0x414141410000000a ('\n')
RDX: 0x7fffffffd9f0 --> 0x414141410000000a ('\n')
RSI: 0x7fffffffd9f0 --> 0x414141410000000a ('\n')
RDI: 0x7fffffffd9e0 --> 0x0 
RBP: 0x7fffffffda10 --> 0x0 
RSP: 0x7fffffffd9b0 --> 0x414141410000000a ('\n')
RIP: 0x55555555543f (<main+199>:        call   0x5555555556e8 <frontInsert>)
R8 : 0xa ('\n')
R9 : 0x9 ('\t')
R10: 0x55555555626b --> 0x31b010000007325 
R11: 0x246 
R12: 0x555555555140 (<_start>:  endbr64)
R13: 0x7fffffffdb00 --> 0x1 
R14: 0x0 
R15: 0x0
EFLAGS: 0x246 (carry PARITY adjust ZERO sign trap INTERRUPT direction overflow)
[-------------------------------------code-------------------------------------]

```

- ë¨¸ë¦¬ ë…¸ë“œì— insert í• ì‹œ í•´ë‹¹ ì¸ìë¥¼ í™•ì¸í•œ ê²°ê³¼ ì²« ë²ˆì§¸ rsi ë ˆì§€ìŠ¤í„°ì— list êµ¬ì¡°ì²´ ì²« ë²ˆì§¸ ì£¼ì†Œ ê°’ê³¼, Security êµ¬ì¡°ì²´ì˜ ì²« ë²ˆì§¸ ì£¼ì†Œ ê°’ì„ í™•ì¸í•  ìˆ˜ ìˆìœ¼ë©° í•´ë‹¹ ë°ì´í„°ë¥¼ ì…ë ¥í•œ ê²°ê³¼ë¥¼ `0x7fffffffd9f0` ì— ì¡´ì¬í•œ ê²ƒì„ í™•ì¸í•  ìˆ˜ ìˆë‹¤.

```c
0x5555555556fc <frontInsert+20>:     mov    rax,QWORD PTR [rbp-0x18]
   0x555555555700 <frontInsert+24>:     mov    rax,QWORD PTR [rax]
   0x555555555703 <frontInsert+27>:     mov    QWORD PTR [rbp-0x8],rax
=> 0x555555555707 <frontInsert+31>:     call   0x5555555555ff <nodeAlloc>
   0x55555555570c <frontInsert+36>:     mov    rdx,QWORD PTR [rbp-0x18]
   0x555555555710 <frontInsert+40>:     mov    QWORD PTR [rdx+0x8],rax
   0x555555555714 <frontInsert+44>:     mov    rax,QWORD PTR [rbp-0x18]
   0x555555555718 <frontInsert+48>:     mov    rdx,QWORD PTR [rax+0x8]
```

- nodeAlloc í•¨ìˆ˜ë¥¼ í˜¸ì¶œí•˜ì—¬ ìƒˆë¡œìš´ ë…¸ë“œë¥¼ ë¨¸ë¦¬ ë¶€ë¶„ì— ì¶”ê°€í•œ ê²ƒì„ í™•ì¸í•  ìˆ˜ ìˆë‹¤

```c
gdb-peda$ parseheap
addr                prev                size                 status              fd                bk                
0x555555559000      0x0                 0x290                Used                None              None
0x555555559290      0x0                 0x410                Used                None              None
0x5555555596a0      0x0                 0x410                Used                None              None
â†“â†“â†“â†“â†“â†“
gdb-peda$ parseheap
addr                prev                size                 status              fd                bk                
0x555555559000      0x0                 0x290                Used                None              None
0x555555559290      0x0                 0x410                Used                None              None
0x5555555596a0      0x0                 0x410                Used                None              None
0x555555559ab0      0x0                 0x30                 Used                None              None
```

```c
0x55555555572e <frontInsert+70>:     mov    rcx,QWORD PTR [rbp-0x20]
   0x555555555732 <frontInsert+74>:     mov    rsi,rcx
   0x555555555735 <frontInsert+77>:     mov    rdi,rax
=> 0x555555555738 <frontInsert+80>:     call   0x555555555618 <nodeSet>
   0x55555555573d <frontInsert+85>:     nop
   0x55555555573e <frontInsert+86>:     leave  
   0x55555555573f <frontInsert+87>:     ret    
   0x555555555740 <rearInsert>: endbr64
Guessed arguments:
arg[0]: 0x555555559ac0 --> 0x0 
arg[1]: 0x7fffffffd9f0 --> 0x414141410000000a ('\n')
arg[2]: 0x0 
arg[3]: 0x7fffffffd9f0 --> 0x414141410000000a ('\n')
```

- nodeSet í•¨ìˆ˜ë¥¼ ë°”íƒ•ìœ¼ë¡œ ì…ë ¥í•œ data ë¥¼ ì„¸íŒ…í•œë‹¤. ì²« ë²ˆì§¸ ì¸ì list êµ¬ì¡°ì²´ì˜ head ë©¤ë²„ ì£¼ì†Œ ê°’ê³¼ ë‘ ë²ˆì§¸ ì¸ì ëŠ” Security êµ¬ì¡°ì²´ì˜ data ì¦‰ ì…ë ¥í•œ ê°’ë“¤ ì„¸ ë²ˆì§¸ ì¸ìëŠ” ìƒˆë¡­ê²Œ í• ë‹¹ ë°›ì€ ì˜ì—­ì„ì„ í™•ì¸í•  ìˆ˜ ìˆë‹¤.

```c
gdb-peda$ x/10gx 0x555555559ab0
0x555555559ab0: 0x0000000000000000      0x0000000000000031
0x555555559ac0: 0x414141410000000a      0x0000004141414141
0x555555559ad0: 0x0000000000000000      0x0000000000000000
0x555555559ae0: 0x0000000000000000      0x0000000000020521
0x555555559af0: 0x0000000000000000      0x0000000000000000
```

- í™ ì˜ì—­ì— size êµ¬ê°„ì„ ì§€ë‚˜ data ì˜ì—­ ì— ê°’ì´ ì¶”ê°€ê°€ ë„ë‹ˆ ê²ƒì„ í™•ì¸í•  ìˆ˜ ìˆë‹¤. ì´ì²˜ëŸ¼ ì²« ë…¸ë“œê°€ ì¶”ê°€ ë  ë•Œ list êµ¬ì¡°ì²´ë¥¼ ì§€ë‚˜ `list->head` = NEW memory ë¡œ ì¶”ê°€ê°€ ëœë‹¤.

### rearInsert function
![./insertT.png](./insertT.png)

- ì¶”ê°€ë¡œ ê¼¬ë¦¬ ë¶€ë¶„ì— ë…¸ë“œë¥¼ ì¶”ê°€í•  ê²½ìš°ë¥¼ ë”°ì¡Œì„ ë•Œ

```c
0x55555555547d <main+261>:   lea    rax,[rbp-0x30]
   0x555555555481 <main+265>:   mov    rsi,rdx
   0x555555555484 <main+268>:   mov    rdi,rax
=> 0x555555555487 <main+271>:   call   0x555555555740 <rearInsert>
   0x55555555548c <main+276>:   jmp    0x5555555555ce <main+598>
   0x555555555491 <main+281>:   lea    rax,[rbp-0x30]
   0x555555555495 <main+285>:   mov    rdi,rax
   0x555555555498 <main+288>:   call   0x5555555557d7 <frontRemove>
Guessed arguments:
arg[0]: 0x7fffffffd9e0 --> 0x555555559ac0 --> 0x414141410000000a ('\n')
arg[1]: 0x7fffffffd9f0 --> 0x4242424200000014 
arg[2]: 0x7fffffffd9f0 --> 0x4242424200000014
```

- ì¸ìë¡œ ì²« ë²ˆì§¸ ì¸ìì¸ list êµ¬ì¡°ì²´ì˜ ì£¼ì†Œì´ë©° ì•ì—ì„œ ë°ì´í„°ë¥¼ ì¶”ê°€í•˜ì˜€ê¸°ì— í˜„ì¬ `listâ†’head` ê°’ì´ ë“¤ì–´ê°€ ìˆëŠ” ê²ƒì„ í™•ì¸í•  ìˆ˜ ìˆë‹¤.
- ë‘ ë²ˆì§¸ ì¸ìëŠ” ì¶”ê°€í• ë ¤ëŠ” ë°ì´í„°ì´ë‹¤.

```c
0x0000555555555758 <+24>:    mov    rax,QWORD PTR [rax]
=> 0x000055555555575b <+27>:    test   rax,rax
   0x000055555555575e <+30>:    jne    0x555555555775 <rearInsert+53>
   0x0000555555555760 <+32>:    mov    rdx,QWORD PTR [rbp-0x20]
   0x0000555555555764 <+36>:    mov    rax,QWORD PTR [rbp-0x18]
   0x0000555555555768 <+40>:    mov    rsi,rdx
   0x000055555555576b <+43>:    mov    rdi,rax
   0x000055555555576e <+46>:    call   0x5555555556e8 <frontInsert>
```

- listâ†’head ì˜ ë°ì´í„°ë¥¼ í™•ì¸í•˜ì—¬ í•´ë‹¹ ê°’ì´ NULL ì¼ ê²½ìš° ë…¸ë“œê°€ ì—†ë‹¤ íŒë‹¨í•˜ì—¬ frontInsert í•¨ìˆ˜ë¥¼ í˜¸ì¶œí•  ìˆ˜ ìˆëŠ” ë¡œì§ ë¶€ë¶„ì´ë‹¤.

```c
0x0000555555555780 <+64>:    jmp    0x55555555578e <rearInsert+78>
   0x0000555555555782 <+66>:    mov    rax,QWORD PTR [rbp-0x8]
   0x0000555555555786 <+70>:    mov    rax,QWORD PTR [rax+0x18]
   0x000055555555578a <+74>:    mov    QWORD PTR [rbp-0x8],rax
   0x000055555555578e <+78>:    mov    rax,QWORD PTR [rbp-0x8]
   0x0000555555555792 <+82>:    mov    rax,QWORD PTR [rax+0x18]
   0x0000555555555796 <+86>:    test   rax,rax
   0x0000555555555799 <+89>:    jne    0x555555555782 <rearInsert+66>
   0x000055555555579b <+91>:    call   0x5555555555ff <nodeAlloc>
```

- listâ†’head ì˜ ë°ì´í„°ê°€ ì¡´ì¬í•  ê²½ìš° ì¦‰ ë…¸ë“œê°€ 1ë¼ë„ ìˆë‹¤ë©´ loopì„ ëŒë©´ì„œ ë§ˆì°¬ê°€ì§€ë¡œ next ë©¤ë²„ê°€ NULL ê°’ ì—¬ë¶€ì— ë”°ë¼ ëì„ ì°¾ì€ í›„ í• ë‹¹í•˜ê³  ì„¤ì •í•œë‹¤.

```c
gdb-peda$ parseheap
addr                prev                size                 status              fd                bk                
0x555555559000      0x0                 0x290                Used                None              None
0x555555559290      0x0                 0x410                Used                None              None
0x5555555596a0      0x0                 0x410                Used                None              None
0x555555559ab0      0x0                 0x30                 Used                None              None
0x555555559ae0      0x0                 0x30                 Used                None              None
gdb-peda$ x/30gx 0x555555559ab0
0x555555559ab0: 0x0000000000000000      0x0000000000000031
0x555555559ac0: 0x414141410000000a      0x0000004141414141
0x555555559ad0: 0x0000000000000000      0x0000555555559af0
0x555555559ae0: 0x0000000000000000      0x0000000000000031
0x555555559af0: 0x4242424200000014      0x0000550042424242
0x555555559b00: 0x0000000000000000      0x0000000000000000
0x555555559b10: 0x0000000000000000      0x00000000000204f1
```

- ë°ì´í„°ê°€ ì¶”ê°€ê°€ ë˜ì–´ í™ ì²­í¬ê°€ í•˜ë‚˜ê°€ ì¶”ê°€ê°€ë¡œ ìƒê¸´ê²ƒì„ í™•ì¸í•  ìˆ˜ ìˆë‹¤. í˜„ì¬ ë‘ ê°œì˜ ë…¸ë“œê°€ í™œë™ì¤‘ì´ë‹¤.

### rearRemove function
![./removeR.png](./removeR.png)

```c
[-------------------------------------code-------------------------------------]
   0x55555555549d <main+293>:   jmp    0x5555555555ce <main+598>
   0x5555555554a2 <main+298>:   lea    rax,[rbp-0x30]
   0x5555555554a6 <main+302>:   mov    rdi,rax
=> 0x5555555554a9 <main+305>:   call   0x55555555582f <rearRemove>
   0x5555555554ae <main+310>:   jmp    0x5555555555ce <main+598>
   0x5555555554b3 <main+315>:   lea    rax,[rbp-0x30]
   0x5555555554b7 <main+319>:   mov    rdi,rax
   0x5555555554ba <main+322>:   call   0x55555555599a <currentPrint>
Guessed arguments:
arg[0]: 0x7fffffffd9e0 --> 0x555555559ac0 --> 0x414141410000000a ('\n')
```

- ê¼¬ë¦¬ ë…¸ë“œë¥¼ ì‚­ì œí•  ê²½ìš° í•´ë‹¹ í•¨ìˆ˜ì—ì„œëŠ” list êµ¬ì¡°ì²´ì˜ ì£¼ì†Œ ê°’ì„ ì¸ìë¡œ ì‚¬ìš©í•˜ì—¬ í˜¸ì¶œí•˜ëŠ” ê²ƒì„ í™•ì¸í•  ìˆ˜ ìˆë‹¤.

```c
0x0000555555555846 <+23>:    test   rax,rax
   0x0000555555555849 <+26>:    je     0x5555555558bb <rearRemove+140>
   0x000055555555584b <+28>:    mov    rax,QWORD PTR [rbp-0x18]
   0x000055555555584f <+32>:    mov    rax,QWORD PTR [rax]
   0x0000555555555852 <+35>:    mov    rax,QWORD PTR [rax+0x18]
   0x0000555555555856 <+39>:    test   rax,rax
   0x0000555555555859 <+42>:    jne    0x555555555869 <rearRemove+58>
   0x000055555555585b <+44>:    mov    rax,QWORD PTR [rbp-0x18]
   0x000055555555585f <+48>:    mov    rdi,rax
   0x0000555555555862 <+51>:    call   0x5555555557d7 <frontRemove>
```

- ë‘ë²ˆì˜ ì¡°ê±´ì„ ê±°ì¹˜ëŠ” ê²ƒì„ í™•ì¸í•  ìˆ˜ ìˆë‹¤. ì²« ë²ˆì§¸ ì¡°ê±´ì—ì„œ listâ†’head ê°€ NULL ì´ ì•„ë‹ ê²½ìš°ì— ë”°ë¼ì„œ ë‘ ë²ˆì§¸ ì¡°ê±´ìœ¼ë¡œ ë„˜ì–´ê°„ë‹¤.
- listâ†’headâ†’next ê°€ NULL ê°’ ì¼ê²½ìš° ê¼¬ë¦¬ì´ê¸° ë•Œë¬¸ì— fronRemove í•¨ìˆ˜ë¥¼ í˜¸ì¶œí•˜ì—¬ ë…¸ë“œë¥¼ ë°”ë¡œ í•´ì œ í•  ìˆ˜ ìˆë„ë¡ í•˜ì˜€ë‹¤.
- ê¼¬ë¦¬ë¥¼ ì°¾ì„ ë•Œê¹Œì§€ ë°˜ë³µí•˜ë©´ì„œ ì°¾ëŠ” ê³¼ì •ì´ë©° ì´ë•Œ listâ†’head ì— ëŒ€í•œ ë³€ìˆ˜ë¥¼ í•˜ë‚˜ ìƒì„±, ì´ì „ ë…¸ë“œì˜ ì£¼ì†Œ ê°’ì„ ê°–ëŠ” ë³€ìˆ˜ ë‘ê°œë¥¼ ì„ ì–¸í•˜ì—¬ ë°˜ë³µì„ ëˆë‹¤.
- ê¼¬ë¦¬ë¥¼ ì°¾ì„ ê²½ìš° ì´ì „ ë…¸ë“œì˜ next ë©¤ë²„ì— nullì„ ëŒ€ì…í•œí›„ í˜„ì¬ ë…¸ë“œë¥¼ í•´ì œí•˜ì—¬ ë…¸ë“œë¥¼ ì‚­ì œí•˜ëŠ” ê³¼ì •ì„ ê±°ì¹œë‹¤.

```c
addr                prev                size                 status              fd                bk                
0x555555559000      0x0                 0x290                Used                None              None
0x555555559290      0x0                 0x410                Used                None              None
0x5555555596a0      0x0                 0x410                Used                None              None
0x555555559ab0      0x0                 0x30                 Used                None              None
0x555555559ae0      0x0                 0x30                 Freed                0x0              None
gdb-peda$ heapinfoall

(0x20)     fastbin[0]: 0x0
(0x30)     fastbin[1]: 0x0
(0x40)     fastbin[2]: 0x0
(0x50)     fastbin[3]: 0x0
(0x60)     fastbin[4]: 0x0
(0x70)     fastbin[5]: 0x0
(0x80)     fastbin[6]: 0x0
(0x90)     fastbin[7]: 0x0
(0xa0)     fastbin[8]: 0x0
(0xb0)     fastbin[9]: 0x0
                  top: 0x555555559b10 (size : 0x204f0) 
       last_remainder: 0x0 (size : 0x0) 
            unsortbin: 0x0
(0x30)   tcache_entry[1](1): 0x555555559af0
```

- í™ì„ í•´ì œí•˜ì—¬ í•´ë‹¹ ë°ì´í„°ê°€ tcache ì— ë§ëŠ” sizeì—¬ì„œ tcache freelistì— ì°¸ì¡°ê°€ ëœê²ƒì„ í™•ì¸í•  ìˆ˜ ìˆë‹¤.

```toc
```